<?xml version="1.0" encoding="UTF-8"?>
<!-- Generated by org.testng.reporters.JUnitReportReporter -->
<testsuite skipped="1" hostname="Rohiths-MacBook-Pro.local" name="rohith.SmartAutomation" tests="2" failures="0" timestamp="24 Sep 2019 15:02:52 GMT" time="31.161" errors="0">
  <testcase name="uiElementChangedCase" time="5.014" classname="rohith.SmartAutomation">
    <skipped/>
  </testcase> <!-- uiElementChangedCase -->
  <testcase name="uiElementChangedCase" time="26.147" classname="rohith.SmartAutomation"/>
</testsuite> <!-- rohith.SmartAutomation -->
