<?xml version="1.0" encoding="UTF-8"?>
<!-- Generated by org.testng.reporters.JUnitReportReporter -->
<testsuite skipped="0" hostname="Rohiths-MacBook-Pro.local" name="rohith.AiForUiMessages" tests="1" failures="0" timestamp="24 Sep 2019 12:56:52 GMT" time="6.322" errors="0">
  <testcase name="textChangedCase" time="6.322" classname="rohith.AiForUiMessages"/>
</testsuite> <!-- rohith.AiForUiMessages -->
